2025-08-27 16:28:33,034 - INFO - 开始执行经济学人PDF下载任务
2025-08-27 16:28:33,034 - INFO - 目标下载日期: 2025年08月23日
2025-08-27 16:28:33,034 - INFO - 格式化日期: 2025.08.23
2025-08-27 16:28:33,034 - INFO - 开始下载: https://raw.githubusercontent.com/hehonghui/awesome-english-ebooks/master/01_economist/te_2025.08.23/TheEconomist.2025.08.23.pdf
2025-08-27 16:28:33,034 - INFO - 保存到: economist_pdfs/TheEconomist.2025.08.23.pdf
2025-08-27 16:28:34,512 - INFO - 下载进度: 0.1%
2025-08-27 16:28:34,513 - INFO - 下载进度: 0.2%
2025-08-27 16:28:34,525 - INFO - 下载进度: 0.3%
2025-08-27 16:28:34,525 - INFO - 下载进度: 0.4%
2025-08-27 16:28:34,629 - INFO - 下载进度: 0.5%
2025-08-27 16:28:34,630 - INFO - 下载进度: 0.6%
2025-08-27 16:28:34,636 - INFO - 下载进度: 0.7%
2025-08-27 16:28:34,637 - INFO - 下载进度: 0.7%
2025-08-27 16:28:34,649 - INFO - 下载进度: 0.8%
2025-08-27 16:28:34,649 - INFO - 下载进度: 0.9%
2025-08-27 16:28:34,658 - INFO - 下载进度: 1.0%
2025-08-27 16:28:34,659 - INFO - 下载进度: 1.1%
2025-08-27 16:28:34,669 - INFO - 下载进度: 1.2%
2025-08-27 16:28:34,670 - INFO - 下载进度: 1.3%
2025-08-27 16:28:34,726 - INFO - 下载进度: 1.4%
2025-08-27 16:28:34,727 - INFO - 下载进度: 1.5%
2025-08-27 16:28:34,737 - INFO - 下载进度: 1.6%
2025-08-27 16:28:34,737 - INFO - 下载进度: 1.7%
2025-08-27 16:28:34,745 - INFO - 下载进度: 1.8%
2025-08-27 16:28:34,745 - INFO - 下载进度: 1.9%
2025-08-27 16:28:34,752 - INFO - 下载进度: 2.0%
2025-08-27 16:28:34,757 - INFO - 下载进度: 2.1%
2025-08-27 16:28:34,758 - INFO - 下载进度: 2.1%
2025-08-27 16:28:34,765 - INFO - 下载进度: 2.2%
2025-08-27 16:28:34,765 - INFO - 下载进度: 2.3%
2025-08-27 16:28:34,770 - INFO - 下载进度: 2.4%
2025-08-27 16:28:34,770 - INFO - 下载进度: 2.5%
2025-08-27 16:28:34,777 - INFO - 下载进度: 2.6%
2025-08-27 16:28:34,777 - INFO - 下载进度: 2.7%
2025-08-27 16:28:34,828 - INFO - 下载进度: 2.8%
2025-08-27 16:28:34,828 - INFO - 下载进度: 2.9%
2025-08-27 16:28:34,833 - INFO - 下载进度: 3.0%
2025-08-27 16:28:34,834 - INFO - 下载进度: 3.1%
2025-08-27 16:28:34,837 - INFO - 下载进度: 3.2%
2025-08-27 16:28:34,838 - INFO - 下载进度: 3.3%
2025-08-27 16:28:34,841 - INFO - 下载进度: 3.4%
2025-08-27 16:28:34,841 - INFO - 下载进度: 3.5%
2025-08-27 16:28:34,851 - INFO - 下载进度: 3.5%
2025-08-27 16:28:34,851 - INFO - 下载进度: 3.6%
2025-08-27 16:28:34,853 - INFO - 下载进度: 3.7%
2025-08-27 16:28:34,854 - INFO - 下载进度: 3.8%
2025-08-27 16:28:34,857 - INFO - 下载进度: 3.9%
2025-08-27 16:28:34,857 - INFO - 下载进度: 4.0%
2025-08-27 16:28:34,859 - INFO - 下载进度: 4.1%
2025-08-27 16:28:34,859 - INFO - 下载进度: 4.2%
2025-08-27 16:28:34,864 - INFO - 下载进度: 4.3%
2025-08-27 16:28:34,865 - INFO - 下载进度: 4.4%
2025-08-27 16:28:34,866 - INFO - 下载进度: 4.5%
2025-08-27 16:28:34,867 - INFO - 下载进度: 4.6%
2025-08-27 16:28:34,873 - INFO - 下载进度: 4.7%
2025-08-27 16:28:34,873 - INFO - 下载进度: 4.8%
2025-08-27 16:28:34,874 - INFO - 下载进度: 4.8%
2025-08-27 16:28:34,874 - INFO - 下载进度: 4.9%
2025-08-27 16:28:34,875 - INFO - 下载进度: 5.0%
2025-08-27 16:28:34,875 - INFO - 下载进度: 5.1%
2025-08-27 16:28:34,880 - INFO - 下载进度: 5.2%
2025-08-27 16:28:34,880 - INFO - 下载进度: 5.3%
2025-08-27 16:28:34,884 - INFO - 下载进度: 5.4%
2025-08-27 16:28:34,885 - INFO - 下载进度: 5.5%
2025-08-27 16:28:35,428 - INFO - 下载进度: 5.6%
2025-08-27 16:28:35,428 - INFO - 下载进度: 5.7%
2025-08-27 16:28:35,532 - INFO - 下载进度: 5.8%
2025-08-27 16:28:35,532 - INFO - 下载进度: 5.9%
2025-08-27 16:28:35,640 - INFO - 下载进度: 6.0%
2025-08-27 16:28:35,641 - INFO - 下载进度: 6.1%
2025-08-27 16:28:35,742 - INFO - 下载进度: 6.2%
2025-08-27 16:28:35,742 - INFO - 下载进度: 6.2%
2025-08-27 16:28:35,847 - INFO - 下载进度: 6.3%
2025-08-27 16:28:35,848 - INFO - 下载进度: 6.4%
2025-08-27 16:28:35,849 - INFO - 下载进度: 6.5%
2025-08-27 16:28:35,850 - INFO - 下载进度: 6.6%
2025-08-27 16:28:35,952 - INFO - 下载进度: 6.7%
2025-08-27 16:28:35,952 - INFO - 下载进度: 6.8%
2025-08-27 16:28:35,953 - INFO - 下载进度: 6.9%
2025-08-27 16:28:35,954 - INFO - 下载进度: 7.0%
2025-08-27 16:28:36,056 - INFO - 下载进度: 7.1%
2025-08-27 16:28:36,057 - INFO - 下载进度: 7.2%
2025-08-27 16:28:36,059 - INFO - 下载进度: 7.3%
2025-08-27 16:28:36,059 - INFO - 下载进度: 7.4%
2025-08-27 16:28:36,161 - INFO - 下载进度: 7.5%
2025-08-27 16:28:36,161 - INFO - 下载进度: 7.6%
2025-08-27 16:28:36,163 - INFO - 下载进度: 7.6%
2025-08-27 16:28:36,163 - INFO - 下载进度: 7.7%
2025-08-27 16:28:36,262 - INFO - 下载进度: 7.8%
2025-08-27 16:28:36,262 - INFO - 下载进度: 7.9%
2025-08-27 16:28:36,265 - INFO - 下载进度: 8.0%
2025-08-27 16:28:36,265 - INFO - 下载进度: 8.1%
2025-08-27 16:28:36,270 - INFO - 下载进度: 8.2%
2025-08-27 16:28:36,270 - INFO - 下载进度: 8.3%
2025-08-27 16:28:36,370 - INFO - 下载进度: 8.4%
2025-08-27 16:28:36,371 - INFO - 下载进度: 8.5%
2025-08-27 16:28:36,374 - INFO - 下载进度: 8.6%
2025-08-27 16:28:36,375 - INFO - 下载进度: 8.7%
2025-08-27 16:28:36,470 - INFO - 下载进度: 8.8%
2025-08-27 16:28:36,471 - INFO - 下载进度: 8.9%
2025-08-27 16:28:36,476 - INFO - 下载进度: 9.0%
2025-08-27 16:28:36,476 - INFO - 下载进度: 9.0%
2025-08-27 16:28:36,479 - INFO - 下载进度: 9.1%
2025-08-27 16:28:36,479 - INFO - 下载进度: 9.2%
2025-08-27 16:28:36,576 - INFO - 下载进度: 9.3%
2025-08-27 16:28:36,576 - INFO - 下载进度: 9.4%
2025-08-27 16:28:36,584 - INFO - 下载进度: 9.5%
2025-08-27 16:28:36,584 - INFO - 下载进度: 9.6%
2025-08-27 16:28:36,588 - INFO - 下载进度: 9.7%
2025-08-27 16:28:36,588 - INFO - 下载进度: 9.8%
2025-08-27 16:28:36,681 - INFO - 下载进度: 9.9%
2025-08-27 16:28:36,682 - INFO - 下载进度: 10.0%
2025-08-27 16:28:36,689 - INFO - 下载进度: 10.1%
2025-08-27 16:28:36,690 - INFO - 下载进度: 10.2%
2025-08-27 16:28:36,695 - INFO - 下载进度: 10.3%
2025-08-27 16:28:36,696 - INFO - 下载进度: 10.4%
2025-08-27 16:28:36,784 - INFO - 下载进度: 10.4%
2025-08-27 16:28:36,785 - INFO - 下载进度: 10.5%
2025-08-27 16:28:36,792 - INFO - 下载进度: 10.6%
2025-08-27 16:28:36,792 - INFO - 下载进度: 10.7%
2025-08-27 16:28:36,799 - INFO - 下载进度: 10.8%
2025-08-27 16:28:36,799 - INFO - 下载进度: 10.9%
2025-08-27 16:28:36,807 - INFO - 下载进度: 11.0%
2025-08-27 16:28:36,807 - INFO - 下载进度: 11.1%
2025-08-27 16:28:36,898 - INFO - 下载进度: 11.2%
2025-08-27 16:28:36,899 - INFO - 下载进度: 11.3%
2025-08-27 16:28:36,902 - INFO - 下载进度: 11.4%
2025-08-27 16:28:36,903 - INFO - 下载进度: 11.5%
2025-08-27 16:28:36,912 - INFO - 下载进度: 11.6%
2025-08-27 16:28:36,912 - INFO - 下载进度: 11.7%
2025-08-27 16:28:36,989 - INFO - 下载进度: 11.8%
2025-08-27 16:28:36,990 - INFO - 下载进度: 11.8%
2025-08-27 16:28:37,004 - INFO - 下载进度: 11.9%
2025-08-27 16:28:37,004 - INFO - 下载进度: 12.0%
2025-08-27 16:28:37,012 - INFO - 下载进度: 12.1%
2025-08-27 16:28:37,013 - INFO - 下载进度: 12.2%
2025-08-27 16:28:37,018 - INFO - 下载进度: 12.3%
2025-08-27 16:28:37,018 - INFO - 下载进度: 12.4%
2025-08-27 16:28:37,021 - INFO - 下载进度: 12.5%
2025-08-27 16:28:37,022 - INFO - 下载进度: 12.6%
2025-08-27 16:28:37,023 - INFO - 下载进度: 12.7%
2025-08-27 16:28:37,024 - INFO - 下载进度: 12.8%
2025-08-27 16:28:37,031 - INFO - 下载进度: 12.9%
2025-08-27 16:28:37,032 - INFO - 下载进度: 13.0%
2025-08-27 16:28:37,033 - INFO - 下载进度: 13.1%
2025-08-27 16:28:37,033 - INFO - 下载进度: 13.2%
2025-08-27 16:28:37,036 - INFO - 下载进度: 13.2%
2025-08-27 16:28:37,036 - INFO - 下载进度: 13.3%
2025-08-27 16:28:37,039 - INFO - 下载进度: 13.4%
2025-08-27 16:28:37,040 - INFO - 下载进度: 13.5%
2025-08-27 16:28:37,043 - INFO - 下载进度: 13.6%
2025-08-27 16:28:37,043 - INFO - 下载进度: 13.7%
2025-08-27 16:28:37,051 - INFO - 下载进度: 13.8%
2025-08-27 16:28:37,051 - INFO - 下载进度: 13.9%
2025-08-27 16:28:37,053 - INFO - 下载进度: 14.0%
2025-08-27 16:28:37,053 - INFO - 下载进度: 14.1%
2025-08-27 16:28:37,054 - INFO - 下载进度: 14.2%
2025-08-27 16:28:37,054 - INFO - 下载进度: 14.3%
2025-08-27 16:28:37,058 - INFO - 下载进度: 14.4%
2025-08-27 16:28:37,058 - INFO - 下载进度: 14.5%
2025-08-27 16:28:37,065 - INFO - 下载进度: 14.5%
2025-08-27 16:28:37,065 - INFO - 下载进度: 14.6%
2025-08-27 16:28:37,066 - INFO - 下载进度: 14.7%
2025-08-27 16:28:37,067 - INFO - 下载进度: 14.8%
2025-08-27 16:28:37,073 - INFO - 下载进度: 14.9%
2025-08-27 16:28:37,073 - INFO - 下载进度: 15.0%
2025-08-27 16:28:37,073 - INFO - 下载进度: 15.1%
2025-08-27 16:28:37,073 - INFO - 下载进度: 15.2%
2025-08-27 16:28:37,077 - INFO - 下载进度: 15.3%
2025-08-27 16:28:37,077 - INFO - 下载进度: 15.4%
2025-08-27 16:28:37,081 - INFO - 下载进度: 15.5%
2025-08-27 16:28:37,081 - INFO - 下载进度: 15.6%
2025-08-27 16:28:37,084 - INFO - 下载进度: 15.7%
2025-08-27 16:28:37,085 - INFO - 下载进度: 15.8%
2025-08-27 16:28:37,092 - INFO - 下载进度: 15.9%
2025-08-27 16:28:37,093 - INFO - 下载进度: 15.9%
2025-08-27 16:28:37,099 - INFO - 下载进度: 16.0%
2025-08-27 16:28:37,099 - INFO - 下载进度: 16.1%
2025-08-27 16:28:37,828 - INFO - 下载进度: 16.2%
2025-08-27 16:28:37,828 - INFO - 下载进度: 16.3%
2025-08-27 16:28:38,039 - INFO - 下载进度: 16.4%
2025-08-27 16:28:38,039 - INFO - 下载进度: 16.5%
2025-08-27 16:28:38,143 - INFO - 下载进度: 16.6%
2025-08-27 16:28:38,143 - INFO - 下载进度: 16.7%
2025-08-27 16:28:38,249 - INFO - 下载进度: 16.8%
2025-08-27 16:28:38,249 - INFO - 下载进度: 16.9%
2025-08-27 16:28:38,352 - INFO - 下载进度: 17.0%
2025-08-27 16:28:38,352 - INFO - 下载进度: 17.1%
2025-08-27 16:28:38,356 - INFO - 下载进度: 17.2%
2025-08-27 16:28:38,356 - INFO - 下载进度: 17.3%
2025-08-27 16:28:38,499 - INFO - 下载进度: 17.3%
2025-08-27 16:28:38,499 - INFO - 下载进度: 17.4%
2025-08-27 16:28:38,602 - INFO - 下载进度: 17.5%
2025-08-27 16:28:38,602 - INFO - 下载进度: 17.6%
2025-08-27 16:28:38,704 - INFO - 下载进度: 17.7%
2025-08-27 16:28:38,704 - INFO - 下载进度: 17.8%
2025-08-27 16:28:38,710 - INFO - 下载进度: 17.9%
2025-08-27 16:28:38,710 - INFO - 下载进度: 18.0%
2025-08-27 16:28:38,814 - INFO - 下载进度: 18.1%
2025-08-27 16:28:38,814 - INFO - 下载进度: 18.2%
2025-08-27 16:28:38,817 - INFO - 下载进度: 18.3%
2025-08-27 16:28:38,817 - INFO - 下载进度: 18.4%
2025-08-27 16:28:38,918 - INFO - 下载进度: 18.5%
2025-08-27 16:28:38,919 - INFO - 下载进度: 18.6%
2025-08-27 16:28:38,926 - INFO - 下载进度: 18.7%
2025-08-27 16:28:38,927 - INFO - 下载进度: 18.7%
2025-08-27 16:28:39,016 - INFO - 下载进度: 18.8%
2025-08-27 16:28:39,017 - INFO - 下载进度: 18.9%
2025-08-27 16:28:39,024 - INFO - 下载进度: 19.0%
2025-08-27 16:28:39,024 - INFO - 下载进度: 19.1%
2025-08-27 16:28:39,034 - INFO - 下载进度: 19.2%
2025-08-27 16:28:39,035 - INFO - 下载进度: 19.3%
2025-08-27 16:28:39,119 - INFO - 下载进度: 19.4%
2025-08-27 16:28:39,120 - INFO - 下载进度: 19.5%
2025-08-27 16:28:39,129 - INFO - 下载进度: 19.6%
2025-08-27 16:28:39,129 - INFO - 下载进度: 19.7%
2025-08-27 16:28:39,136 - INFO - 下载进度: 19.8%
2025-08-27 16:28:39,137 - INFO - 下载进度: 19.9%
2025-08-27 16:28:39,145 - INFO - 下载进度: 20.0%
2025-08-27 16:28:39,146 - INFO - 下载进度: 20.1%
2025-08-27 16:28:39,227 - INFO - 下载进度: 20.1%
2025-08-27 16:28:39,227 - INFO - 下载进度: 20.2%
2025-08-27 16:28:39,238 - INFO - 下载进度: 20.3%
2025-08-27 16:28:39,238 - INFO - 下载进度: 20.4%
2025-08-27 16:28:39,247 - INFO - 下载进度: 20.5%
2025-08-27 16:28:39,248 - INFO - 下载进度: 20.6%
2025-08-27 16:28:39,326 - INFO - 下载进度: 20.7%
2025-08-27 16:28:39,326 - INFO - 下载进度: 20.8%
2025-08-27 16:28:39,339 - INFO - 下载进度: 20.9%
2025-08-27 16:28:39,339 - INFO - 下载进度: 21.0%
2025-08-27 16:28:39,353 - INFO - 下载进度: 21.1%
2025-08-27 16:28:39,353 - INFO - 下载进度: 21.2%
2025-08-27 16:28:39,358 - INFO - 下载进度: 21.3%
2025-08-27 16:28:39,358 - INFO - 下载进度: 21.4%
2025-08-27 16:28:39,367 - INFO - 下载进度: 21.5%
2025-08-27 16:28:39,367 - INFO - 下载进度: 21.5%
2025-08-27 16:28:39,370 - INFO - 下载进度: 21.6%
2025-08-27 16:28:39,370 - INFO - 下载进度: 21.7%
2025-08-27 16:28:39,377 - INFO - 下载进度: 21.8%
2025-08-27 16:28:39,377 - INFO - 下载进度: 21.9%
2025-08-27 16:28:39,383 - INFO - 下载进度: 22.0%
2025-08-27 16:28:39,384 - INFO - 下载进度: 22.1%
2025-08-27 16:28:39,386 - INFO - 下载进度: 22.2%
2025-08-27 16:28:39,386 - INFO - 下载进度: 22.3%
2025-08-27 16:28:39,390 - INFO - 下载进度: 22.4%
2025-08-27 16:28:39,390 - INFO - 下载进度: 22.5%
2025-08-27 16:28:39,398 - INFO - 下载进度: 22.6%
2025-08-27 16:28:39,398 - INFO - 下载进度: 22.7%
2025-08-27 16:28:39,401 - INFO - 下载进度: 22.8%
2025-08-27 16:28:39,401 - INFO - 下载进度: 22.8%
2025-08-27 16:28:39,405 - INFO - 下载进度: 22.9%
2025-08-27 16:28:39,405 - INFO - 下载进度: 23.0%
2025-08-27 16:28:39,411 - INFO - 下载进度: 23.1%
2025-08-27 16:28:39,412 - INFO - 下载进度: 23.2%
2025-08-27 16:28:39,420 - INFO - 下载进度: 23.3%
2025-08-27 16:28:39,420 - INFO - 下载进度: 23.4%
2025-08-27 16:28:39,421 - INFO - 下载进度: 23.5%
2025-08-27 16:28:39,422 - INFO - 下载进度: 23.6%
2025-08-27 16:28:39,428 - INFO - 下载进度: 23.7%
2025-08-27 16:28:39,428 - INFO - 下载进度: 23.8%
2025-08-27 16:28:39,443 - INFO - 下载进度: 23.9%
2025-08-27 16:28:39,443 - INFO - 下载进度: 24.0%
2025-08-27 16:28:39,452 - INFO - 下载进度: 24.1%
2025-08-27 16:28:39,452 - INFO - 下载进度: 24.2%
2025-08-27 16:28:39,467 - INFO - 下载进度: 24.2%
2025-08-27 16:28:39,468 - INFO - 下载进度: 24.3%
2025-08-27 16:28:39,472 - INFO - 下载进度: 24.4%
2025-08-27 16:28:39,473 - INFO - 下载进度: 24.5%
2025-08-27 16:28:39,479 - INFO - 下载进度: 24.6%
2025-08-27 16:28:39,479 - INFO - 下载进度: 24.7%
2025-08-27 16:28:39,485 - INFO - 下载进度: 24.8%
2025-08-27 16:28:39,485 - INFO - 下载进度: 24.9%
2025-08-27 16:28:39,490 - INFO - 下载进度: 25.0%
2025-08-27 16:28:39,490 - INFO - 下载进度: 25.1%
2025-08-27 16:28:39,494 - INFO - 下载进度: 25.2%
2025-08-27 16:28:39,494 - INFO - 下载进度: 25.3%
2025-08-27 16:28:39,501 - INFO - 下载进度: 25.4%
2025-08-27 16:28:39,501 - INFO - 下载进度: 25.5%
2025-08-27 16:28:39,507 - INFO - 下载进度: 25.6%
2025-08-27 16:28:39,507 - INFO - 下载进度: 25.6%
2025-08-27 16:28:39,514 - INFO - 下载进度: 25.7%
2025-08-27 16:28:39,514 - INFO - 下载进度: 25.8%
2025-08-27 16:28:39,520 - INFO - 下载进度: 25.9%
2025-08-27 16:28:39,520 - INFO - 下载进度: 26.0%
2025-08-27 16:28:39,523 - INFO - 下载进度: 26.1%
2025-08-27 16:28:39,523 - INFO - 下载进度: 26.2%
2025-08-27 16:28:39,529 - INFO - 下载进度: 26.3%
2025-08-27 16:28:39,530 - INFO - 下载进度: 26.4%
2025-08-27 16:28:39,533 - INFO - 下载进度: 26.5%
2025-08-27 16:28:39,533 - INFO - 下载进度: 26.6%
2025-08-27 16:28:39,536 - INFO - 下载进度: 26.7%
2025-08-27 16:28:39,537 - INFO - 下载进度: 26.8%
2025-08-27 16:28:39,542 - INFO - 下载进度: 26.9%
2025-08-27 16:28:39,542 - INFO - 下载进度: 27.0%
2025-08-27 16:28:39,548 - INFO - 下载进度: 27.0%
2025-08-27 16:28:39,548 - INFO - 下载进度: 27.1%
2025-08-27 16:28:39,559 - INFO - 下载进度: 27.2%
2025-08-27 16:28:39,559 - INFO - 下载进度: 27.3%
2025-08-27 16:28:39,573 - INFO - 下载进度: 27.4%
2025-08-27 16:28:39,574 - INFO - 下载进度: 27.5%
2025-08-27 16:28:39,584 - INFO - 下载进度: 27.6%
2025-08-27 16:28:39,584 - INFO - 下载进度: 27.7%
2025-08-27 16:28:39,586 - INFO - 下载进度: 27.8%
2025-08-27 16:28:39,587 - INFO - 下载进度: 27.9%
2025-08-27 16:28:39,589 - INFO - 下载进度: 28.0%
2025-08-27 16:28:39,589 - INFO - 下载进度: 28.1%
2025-08-27 16:28:39,599 - INFO - 下载进度: 28.2%
2025-08-27 16:28:39,599 - INFO - 下载进度: 28.3%
2025-08-27 16:28:39,605 - INFO - 下载进度: 28.4%
2025-08-27 16:28:39,606 - INFO - 下载进度: 28.4%
2025-08-27 16:28:39,611 - INFO - 下载进度: 28.5%
2025-08-27 16:28:39,611 - INFO - 下载进度: 28.6%
2025-08-27 16:28:39,616 - INFO - 下载进度: 28.7%
2025-08-27 16:28:39,616 - INFO - 下载进度: 28.8%
2025-08-27 16:28:39,622 - INFO - 下载进度: 28.9%
2025-08-27 16:28:39,622 - INFO - 下载进度: 29.0%
2025-08-27 16:28:39,635 - INFO - 下载进度: 29.1%
2025-08-27 16:28:39,636 - INFO - 下载进度: 29.2%
2025-08-27 16:28:40,340 - INFO - 下载进度: 29.3%
2025-08-27 16:28:40,340 - INFO - 下载进度: 29.4%
2025-08-27 16:28:40,545 - INFO - 下载进度: 29.5%
2025-08-27 16:28:40,546 - INFO - 下载进度: 29.6%
2025-08-27 16:28:40,651 - INFO - 下载进度: 29.7%
2025-08-27 16:28:40,652 - INFO - 下载进度: 29.8%
2025-08-27 16:28:40,753 - INFO - 下载进度: 29.8%
2025-08-27 16:28:40,753 - INFO - 下载进度: 29.9%
2025-08-27 16:28:40,759 - INFO - 下载进度: 30.0%
2025-08-27 16:28:40,760 - INFO - 下载进度: 30.1%
2025-08-27 16:28:40,858 - INFO - 下载进度: 30.2%
2025-08-27 16:28:40,858 - INFO - 下载进度: 30.3%
2025-08-27 16:28:40,862 - INFO - 下载进度: 30.4%
2025-08-27 16:28:40,862 - INFO - 下载进度: 30.5%
2025-08-27 16:28:40,968 - INFO - 下载进度: 30.6%
2025-08-27 16:28:40,968 - INFO - 下载进度: 30.7%
2025-08-27 16:28:41,063 - INFO - 下载进度: 30.8%
2025-08-27 16:28:41,063 - INFO - 下载进度: 30.9%
2025-08-27 16:28:41,070 - INFO - 下载进度: 31.0%
2025-08-27 16:28:41,071 - INFO - 下载进度: 31.1%
2025-08-27 16:28:41,170 - INFO - 下载进度: 31.2%
2025-08-27 16:28:41,170 - INFO - 下载进度: 31.2%
2025-08-27 16:28:41,175 - INFO - 下载进度: 31.3%
2025-08-27 16:28:41,175 - INFO - 下载进度: 31.4%
2025-08-27 16:28:41,183 - INFO - 下载进度: 31.5%
2025-08-27 16:28:41,184 - INFO - 下载进度: 31.6%
2025-08-27 16:28:41,277 - INFO - 下载进度: 31.7%
2025-08-27 16:28:41,277 - INFO - 下载进度: 31.8%
2025-08-27 16:28:41,286 - INFO - 下载进度: 31.9%
2025-08-27 16:28:41,286 - INFO - 下载进度: 32.0%
2025-08-27 16:28:41,373 - INFO - 下载进度: 32.1%
2025-08-27 16:28:41,374 - INFO - 下载进度: 32.2%
2025-08-27 16:28:41,385 - INFO - 下载进度: 32.3%
2025-08-27 16:28:41,386 - INFO - 下载进度: 32.4%
2025-08-27 16:28:41,402 - INFO - 下载进度: 32.5%
2025-08-27 16:28:41,402 - INFO - 下载进度: 32.5%
2025-08-27 16:28:41,486 - INFO - 下载进度: 32.6%
2025-08-27 16:28:41,487 - INFO - 下载进度: 32.7%
2025-08-27 16:28:41,505 - INFO - 下载进度: 32.8%
2025-08-27 16:28:41,505 - INFO - 下载进度: 32.9%
2025-08-27 16:28:41,511 - INFO - 下载进度: 33.0%
2025-08-27 16:28:41,512 - INFO - 下载进度: 33.1%
2025-08-27 16:28:41,519 - INFO - 下载进度: 33.2%
2025-08-27 16:28:41,519 - INFO - 下载进度: 33.3%
2025-08-27 16:28:41,527 - INFO - 下载进度: 33.4%
2025-08-27 16:28:41,527 - INFO - 下载进度: 33.5%
2025-08-27 16:28:41,535 - INFO - 下载进度: 33.6%
2025-08-27 16:28:41,536 - INFO - 下载进度: 33.7%
2025-08-27 16:28:41,541 - INFO - 下载进度: 33.8%
2025-08-27 16:28:41,542 - INFO - 下载进度: 33.9%
2025-08-27 16:28:41,547 - INFO - 下载进度: 33.9%
2025-08-27 16:28:41,547 - INFO - 下载进度: 34.0%
2025-08-27 16:28:41,558 - INFO - 下载进度: 34.1%
2025-08-27 16:28:41,558 - INFO - 下载进度: 34.2%
2025-08-27 16:28:41,562 - INFO - 下载进度: 34.3%
2025-08-27 16:28:41,563 - INFO - 下载进度: 34.4%
2025-08-27 16:28:41,572 - INFO - 下载进度: 34.5%
2025-08-27 16:28:41,573 - INFO - 下载进度: 34.6%
2025-08-27 16:28:41,577 - INFO - 下载进度: 34.7%
2025-08-27 16:28:41,577 - INFO - 下载进度: 34.8%
2025-08-27 16:28:41,589 - INFO - 下载进度: 34.9%
2025-08-27 16:28:41,590 - INFO - 下载进度: 35.0%
2025-08-27 16:28:41,608 - INFO - 下载进度: 35.1%
2025-08-27 16:28:41,609 - INFO - 下载进度: 35.2%
2025-08-27 16:28:41,616 - INFO - 下载进度: 35.3%
2025-08-27 16:28:41,617 - INFO - 下载进度: 35.3%
2025-08-27 16:28:41,627 - INFO - 下载进度: 35.4%
2025-08-27 16:28:41,627 - INFO - 下载进度: 35.5%
2025-08-27 16:28:41,634 - INFO - 下载进度: 35.6%
2025-08-27 16:28:41,634 - INFO - 下载进度: 35.7%
2025-08-27 16:28:41,640 - INFO - 下载进度: 35.8%
2025-08-27 16:28:41,640 - INFO - 下载进度: 35.9%
2025-08-27 16:28:41,647 - INFO - 下载进度: 36.0%
2025-08-27 16:28:41,648 - INFO - 下载进度: 36.1%
2025-08-27 16:28:41,655 - INFO - 下载进度: 36.2%
2025-08-27 16:28:41,656 - INFO - 下载进度: 36.3%
2025-08-27 16:28:41,666 - INFO - 下载进度: 36.4%
2025-08-27 16:28:41,666 - INFO - 下载进度: 36.5%
2025-08-27 16:28:41,668 - INFO - 下载进度: 36.6%
2025-08-27 16:28:41,668 - INFO - 下载进度: 36.7%
2025-08-27 16:28:41,678 - INFO - 下载进度: 36.7%
2025-08-27 16:28:41,678 - INFO - 下载进度: 36.8%
2025-08-27 16:28:41,687 - INFO - 下载进度: 36.9%
2025-08-27 16:28:41,688 - INFO - 下载进度: 37.0%
2025-08-27 16:28:41,693 - INFO - 下载进度: 37.1%
2025-08-27 16:28:41,693 - INFO - 下载进度: 37.2%
2025-08-27 16:28:41,707 - INFO - 下载进度: 37.3%
2025-08-27 16:28:41,708 - INFO - 下载进度: 37.4%
2025-08-27 16:28:41,720 - INFO - 下载进度: 37.5%
2025-08-27 16:28:41,720 - INFO - 下载进度: 37.6%
2025-08-27 16:28:41,735 - INFO - 下载进度: 37.7%
2025-08-27 16:28:41,735 - INFO - 下载进度: 37.8%
2025-08-27 16:28:41,738 - INFO - 下载进度: 37.9%
2025-08-27 16:28:41,739 - INFO - 下载进度: 38.0%
2025-08-27 16:28:41,748 - INFO - 下载进度: 38.1%
2025-08-27 16:28:41,749 - INFO - 下载进度: 38.1%
2025-08-27 16:28:41,756 - INFO - 下载进度: 38.2%
2025-08-27 16:28:41,756 - INFO - 下载进度: 38.3%
2025-08-27 16:28:41,760 - INFO - 下载进度: 38.4%
2025-08-27 16:28:41,760 - INFO - 下载进度: 38.5%
2025-08-27 16:28:41,766 - INFO - 下载进度: 38.6%
2025-08-27 16:28:41,766 - INFO - 下载进度: 38.7%
2025-08-27 16:28:41,780 - INFO - 下载进度: 38.8%
2025-08-27 16:28:41,781 - INFO - 下载进度: 38.9%
2025-08-27 16:28:41,784 - INFO - 下载进度: 39.0%
2025-08-27 16:28:41,785 - INFO - 下载进度: 39.1%
2025-08-27 16:28:41,790 - INFO - 下载进度: 39.2%
2025-08-27 16:28:41,792 - INFO - 下载进度: 39.3%
2025-08-27 16:28:41,799 - INFO - 下载进度: 39.4%
2025-08-27 16:28:41,799 - INFO - 下载进度: 39.5%
2025-08-27 16:28:41,804 - INFO - 下载进度: 39.5%
2025-08-27 16:28:41,805 - INFO - 下载进度: 39.6%
2025-08-27 16:28:41,822 - INFO - 下载进度: 39.7%
2025-08-27 16:28:41,822 - INFO - 下载进度: 39.8%
2025-08-27 16:28:41,829 - INFO - 下载进度: 39.9%
2025-08-27 16:28:41,829 - INFO - 下载进度: 40.0%
2025-08-27 16:28:41,840 - INFO - 下载进度: 40.1%
2025-08-27 16:28:41,841 - INFO - 下载进度: 40.2%
2025-08-27 16:28:41,847 - INFO - 下载进度: 40.3%
2025-08-27 16:28:41,848 - INFO - 下载进度: 40.4%
2025-08-27 16:28:42,704 - INFO - 下载进度: 40.5%
2025-08-27 16:28:42,704 - INFO - 下载进度: 40.6%
2025-08-27 16:28:42,808 - INFO - 下载进度: 40.7%
2025-08-27 16:28:42,809 - INFO - 下载进度: 40.8%
2025-08-27 16:28:42,911 - INFO - 下载进度: 40.8%
2025-08-27 16:28:42,912 - INFO - 下载进度: 40.9%
2025-08-27 16:28:43,012 - INFO - 下载进度: 41.0%
2025-08-27 16:28:43,013 - INFO - 下载进度: 41.1%
2025-08-27 16:28:43,018 - INFO - 下载进度: 41.2%
2025-08-27 16:28:43,018 - INFO - 下载进度: 41.3%
2025-08-27 16:28:43,121 - INFO - 下载进度: 41.4%
2025-08-27 16:28:43,122 - INFO - 下载进度: 41.5%
2025-08-27 16:28:43,131 - INFO - 下载进度: 41.6%
2025-08-27 16:28:43,131 - INFO - 下载进度: 41.7%
2025-08-27 16:28:43,137 - INFO - 下载进度: 41.8%
2025-08-27 16:28:43,138 - INFO - 下载进度: 41.9%
2025-08-27 16:28:43,232 - INFO - 下载进度: 42.0%
2025-08-27 16:28:43,232 - INFO - 下载进度: 42.1%
2025-08-27 16:28:43,242 - INFO - 下载进度: 42.2%
2025-08-27 16:28:43,242 - INFO - 下载进度: 42.2%
2025-08-27 16:28:43,254 - INFO - 下载进度: 42.3%
2025-08-27 16:28:43,254 - INFO - 下载进度: 42.4%
2025-08-27 16:28:43,336 - INFO - 下载进度: 42.5%
2025-08-27 16:28:43,336 - INFO - 下载进度: 42.6%
2025-08-27 16:28:43,351 - INFO - 下载进度: 42.7%
2025-08-27 16:28:43,351 - INFO - 下载进度: 42.8%
2025-08-27 16:28:43,429 - INFO - 下载进度: 42.9%
2025-08-27 16:28:43,430 - INFO - 下载进度: 43.0%
2025-08-27 16:28:43,446 - INFO - 下载进度: 43.1%
2025-08-27 16:28:43,446 - INFO - 下载进度: 43.2%
2025-08-27 16:28:43,457 - INFO - 下载进度: 43.3%
2025-08-27 16:28:43,458 - INFO - 下载进度: 43.4%
2025-08-27 16:28:43,469 - INFO - 下载进度: 43.5%
2025-08-27 16:28:43,470 - INFO - 下载进度: 43.6%
2025-08-27 16:28:43,477 - INFO - 下载进度: 43.6%
2025-08-27 16:28:43,477 - INFO - 下载进度: 43.7%
2025-08-27 16:28:43,487 - INFO - 下载进度: 43.8%
2025-08-27 16:28:43,487 - INFO - 下载进度: 43.9%
2025-08-27 16:28:43,495 - INFO - 下载进度: 44.0%
2025-08-27 16:28:43,495 - INFO - 下载进度: 44.1%
2025-08-27 16:28:43,505 - INFO - 下载进度: 44.2%
2025-08-27 16:28:43,506 - INFO - 下载进度: 44.3%
2025-08-27 16:28:43,516 - INFO - 下载进度: 44.4%
2025-08-27 16:28:43,516 - INFO - 下载进度: 44.5%
2025-08-27 16:28:43,533 - INFO - 下载进度: 44.6%
2025-08-27 16:28:43,533 - INFO - 下载进度: 44.7%
2025-08-27 16:28:43,550 - INFO - 下载进度: 44.8%
2025-08-27 16:28:43,550 - INFO - 下载进度: 44.9%
2025-08-27 16:28:43,564 - INFO - 下载进度: 45.0%
2025-08-27 16:28:43,565 - INFO - 下载进度: 45.0%
2025-08-27 16:28:43,574 - INFO - 下载进度: 45.1%
2025-08-27 16:28:43,574 - INFO - 下载进度: 45.2%
2025-08-27 16:28:43,584 - INFO - 下载进度: 45.3%
2025-08-27 16:28:43,585 - INFO - 下载进度: 45.4%
2025-08-27 16:28:43,594 - INFO - 下载进度: 45.5%
2025-08-27 16:28:43,594 - INFO - 下载进度: 45.6%
2025-08-27 16:28:43,604 - INFO - 下载进度: 45.7%
2025-08-27 16:28:43,605 - INFO - 下载进度: 45.8%
2025-08-27 16:28:43,612 - INFO - 下载进度: 45.9%
2025-08-27 16:28:43,613 - INFO - 下载进度: 46.0%
2025-08-27 16:28:43,624 - INFO - 下载进度: 46.1%
2025-08-27 16:28:43,624 - INFO - 下载进度: 46.2%
2025-08-27 16:28:43,633 - INFO - 下载进度: 46.3%
2025-08-27 16:28:43,634 - INFO - 下载进度: 46.4%
2025-08-27 16:28:43,650 - INFO - 下载进度: 46.4%
2025-08-27 16:28:43,650 - INFO - 下载进度: 46.5%
2025-08-27 16:28:43,669 - INFO - 下载进度: 46.6%
2025-08-27 16:28:43,669 - INFO - 下载进度: 46.7%
2025-08-27 16:28:43,679 - INFO - 下载进度: 46.8%
2025-08-27 16:28:43,679 - INFO - 下载进度: 46.9%
2025-08-27 16:28:43,687 - INFO - 下载进度: 47.0%
2025-08-27 16:28:43,687 - INFO - 下载进度: 47.1%
2025-08-27 16:28:43,699 - INFO - 下载进度: 47.2%
2025-08-27 16:28:43,700 - INFO - 下载进度: 47.3%
2025-08-27 16:28:43,707 - INFO - 下载进度: 47.4%
2025-08-27 16:28:43,708 - INFO - 下载进度: 47.5%
2025-08-27 16:28:43,864 - INFO - 下载进度: 47.6%
2025-08-27 16:28:43,865 - INFO - 下载进度: 47.7%
2025-08-27 16:28:43,874 - INFO - 下载进度: 47.8%
2025-08-27 16:28:43,874 - INFO - 下载进度: 47.8%
2025-08-27 16:28:43,886 - INFO - 下载进度: 47.9%
2025-08-27 16:28:43,886 - INFO - 下载进度: 48.0%
2025-08-27 16:28:43,888 - INFO - 下载进度: 48.1%
2025-08-27 16:28:43,888 - INFO - 下载进度: 48.2%
2025-08-27 16:28:43,888 - INFO - 下载进度: 48.3%
2025-08-27 16:28:43,889 - INFO - 下载进度: 48.4%
2025-08-27 16:28:43,889 - INFO - 下载进度: 48.5%
2025-08-27 16:28:43,889 - INFO - 下载进度: 48.6%
2025-08-27 16:28:43,889 - INFO - 下载进度: 48.7%
2025-08-27 16:28:43,889 - INFO - 下载进度: 48.8%
2025-08-27 16:28:43,890 - INFO - 下载进度: 48.9%
2025-08-27 16:28:43,890 - INFO - 下载进度: 49.0%
2025-08-27 16:28:43,890 - INFO - 下载进度: 49.1%
2025-08-27 16:28:43,890 - INFO - 下载进度: 49.1%
2025-08-27 16:28:43,893 - INFO - 下载进度: 49.2%
2025-08-27 16:28:43,893 - INFO - 下载进度: 49.3%
2025-08-27 16:28:43,902 - INFO - 下载进度: 49.4%
2025-08-27 16:28:43,903 - INFO - 下载进度: 49.5%
2025-08-27 16:28:43,911 - INFO - 下载进度: 49.6%
2025-08-27 16:28:43,911 - INFO - 下载进度: 49.7%
2025-08-27 16:28:43,948 - INFO - 下载进度: 49.8%
2025-08-27 16:28:43,948 - INFO - 下载进度: 49.9%
2025-08-27 16:28:43,967 - INFO - 下载进度: 50.0%
2025-08-27 16:28:43,967 - INFO - 下载进度: 50.1%
2025-08-27 16:28:43,978 - INFO - 下载进度: 50.2%
2025-08-27 16:28:43,978 - INFO - 下载进度: 50.3%
2025-08-27 16:28:43,992 - INFO - 下载进度: 50.4%
2025-08-27 16:28:43,993 - INFO - 下载进度: 50.5%
2025-08-27 16:28:44,004 - INFO - 下载进度: 50.5%
2025-08-27 16:28:44,004 - INFO - 下载进度: 50.6%
2025-08-27 16:28:44,020 - INFO - 下载进度: 50.7%
2025-08-27 16:28:44,021 - INFO - 下载进度: 50.8%
2025-08-27 16:28:44,033 - INFO - 下载进度: 50.9%
2025-08-27 16:28:44,033 - INFO - 下载进度: 51.0%
2025-08-27 16:28:44,058 - INFO - 下载进度: 51.1%
2025-08-27 16:28:44,058 - INFO - 下载进度: 51.2%
2025-08-27 16:28:44,076 - INFO - 下载进度: 51.3%
2025-08-27 16:28:44,076 - INFO - 下载进度: 51.4%
2025-08-27 16:28:44,091 - INFO - 下载进度: 51.5%
2025-08-27 16:28:44,091 - INFO - 下载进度: 51.6%
2025-08-27 16:28:44,105 - INFO - 下载进度: 51.7%
2025-08-27 16:28:44,106 - INFO - 下载进度: 51.8%
2025-08-27 16:28:44,122 - INFO - 下载进度: 51.9%
2025-08-27 16:28:44,122 - INFO - 下载进度: 51.9%
2025-08-27 16:28:44,131 - INFO - 下载进度: 52.0%
2025-08-27 16:28:44,131 - INFO - 下载进度: 52.1%
2025-08-27 16:28:44,149 - INFO - 下载进度: 52.2%
2025-08-27 16:28:44,149 - INFO - 下载进度: 52.3%
2025-08-27 16:28:44,169 - INFO - 下载进度: 52.4%
2025-08-27 16:28:44,170 - INFO - 下载进度: 52.5%
2025-08-27 16:28:44,181 - INFO - 下载进度: 52.6%
2025-08-27 16:28:44,181 - INFO - 下载进度: 52.7%
2025-08-27 16:28:44,201 - INFO - 下载进度: 52.8%
2025-08-27 16:28:44,201 - INFO - 下载进度: 52.9%
2025-08-27 16:28:44,214 - INFO - 下载进度: 53.0%
2025-08-27 16:28:44,214 - INFO - 下载进度: 53.1%
2025-08-27 16:28:44,379 - INFO - 下载进度: 53.2%
2025-08-27 16:28:44,379 - INFO - 下载进度: 53.3%
2025-08-27 16:28:44,394 - INFO - 下载进度: 53.3%
2025-08-27 16:28:44,394 - INFO - 下载进度: 53.4%
2025-08-27 16:28:44,404 - INFO - 下载进度: 53.5%
2025-08-27 16:28:44,404 - INFO - 下载进度: 53.6%
2025-08-27 16:28:44,405 - INFO - 下载进度: 53.7%
2025-08-27 16:28:44,405 - INFO - 下载进度: 53.8%
2025-08-27 16:28:44,405 - INFO - 下载进度: 53.9%
2025-08-27 16:28:44,405 - INFO - 下载进度: 54.0%
2025-08-27 16:28:44,406 - INFO - 下载进度: 54.1%
2025-08-27 16:28:44,406 - INFO - 下载进度: 54.2%
2025-08-27 16:28:44,406 - INFO - 下载进度: 54.3%
2025-08-27 16:28:44,406 - INFO - 下载进度: 54.4%
2025-08-27 16:28:44,416 - INFO - 下载进度: 54.5%
2025-08-27 16:28:44,416 - INFO - 下载进度: 54.6%
2025-08-27 16:28:44,466 - INFO - 下载进度: 54.7%
2025-08-27 16:28:44,467 - INFO - 下载进度: 54.7%
2025-08-27 16:28:44,483 - INFO - 下载进度: 54.8%
2025-08-27 16:28:44,484 - INFO - 下载进度: 54.9%
2025-08-27 16:28:44,496 - INFO - 下载进度: 55.0%
2025-08-27 16:28:44,496 - INFO - 下载进度: 55.1%
2025-08-27 16:28:44,507 - INFO - 下载进度: 55.2%
2025-08-27 16:28:44,507 - INFO - 下载进度: 55.3%
2025-08-27 16:28:44,527 - INFO - 下载进度: 55.4%
2025-08-27 16:28:44,528 - INFO - 下载进度: 55.5%
2025-08-27 16:28:44,572 - INFO - 下载进度: 55.6%
2025-08-27 16:28:44,572 - INFO - 下载进度: 55.7%
2025-08-27 16:28:44,598 - INFO - 下载进度: 55.8%
2025-08-27 16:28:44,598 - INFO - 下载进度: 55.9%
2025-08-27 16:28:44,620 - INFO - 下载进度: 56.0%
2025-08-27 16:28:44,620 - INFO - 下载进度: 56.1%
2025-08-27 16:28:44,636 - INFO - 下载进度: 56.1%
2025-08-27 16:28:44,636 - INFO - 下载进度: 56.2%
2025-08-27 16:28:44,650 - INFO - 下载进度: 56.3%
2025-08-27 16:28:44,650 - INFO - 下载进度: 56.4%
2025-08-27 16:28:44,678 - INFO - 下载进度: 56.5%
2025-08-27 16:28:44,678 - INFO - 下载进度: 56.6%
2025-08-27 16:28:44,702 - INFO - 下载进度: 56.7%
2025-08-27 16:28:44,702 - INFO - 下载进度: 56.8%
2025-08-27 16:28:44,725 - INFO - 下载进度: 56.9%
2025-08-27 16:28:44,725 - INFO - 下载进度: 57.0%
2025-08-27 16:28:44,741 - INFO - 下载进度: 57.1%
2025-08-27 16:28:44,742 - INFO - 下载进度: 57.2%
2025-08-27 16:28:44,759 - INFO - 下载进度: 57.3%
2025-08-27 16:28:44,759 - INFO - 下载进度: 57.4%
2025-08-27 16:28:44,785 - INFO - 下载进度: 57.5%
2025-08-27 16:28:44,785 - INFO - 下载进度: 57.5%
2025-08-27 16:28:44,807 - INFO - 下载进度: 57.6%
2025-08-27 16:28:44,808 - INFO - 下载进度: 57.7%
2025-08-27 16:28:44,828 - INFO - 下载进度: 57.8%
2025-08-27 16:28:44,829 - INFO - 下载进度: 57.9%
2025-08-27 16:28:44,847 - INFO - 下载进度: 58.0%
2025-08-27 16:28:44,848 - INFO - 下载进度: 58.1%
2025-08-27 16:28:44,864 - INFO - 下载进度: 58.2%
2025-08-27 16:28:44,864 - INFO - 下载进度: 58.3%
2025-08-27 16:28:44,880 - INFO - 下载进度: 58.4%
2025-08-27 16:28:44,881 - INFO - 下载进度: 58.5%
2025-08-27 16:28:44,908 - INFO - 下载进度: 58.6%
2025-08-27 16:28:44,909 - INFO - 下载进度: 58.7%
2025-08-27 16:28:44,938 - INFO - 下载进度: 58.8%
2025-08-27 16:28:44,938 - INFO - 下载进度: 58.8%
2025-08-27 16:28:44,954 - INFO - 下载进度: 58.9%
2025-08-27 16:28:44,954 - INFO - 下载进度: 59.0%
2025-08-27 16:28:44,970 - INFO - 下载进度: 59.1%
2025-08-27 16:28:44,971 - INFO - 下载进度: 59.2%
2025-08-27 16:28:44,987 - INFO - 下载进度: 59.3%
2025-08-27 16:28:44,987 - INFO - 下载进度: 59.4%
2025-08-27 16:28:45,009 - INFO - 下载进度: 59.5%
2025-08-27 16:28:45,009 - INFO - 下载进度: 59.6%
2025-08-27 16:28:45,037 - INFO - 下载进度: 59.7%
2025-08-27 16:28:45,037 - INFO - 下载进度: 59.8%
2025-08-27 16:28:45,059 - INFO - 下载进度: 59.9%
2025-08-27 16:28:45,059 - INFO - 下载进度: 60.0%
2025-08-27 16:28:45,076 - INFO - 下载进度: 60.1%
2025-08-27 16:28:45,077 - INFO - 下载进度: 60.2%
2025-08-27 16:28:45,092 - INFO - 下载进度: 60.2%
2025-08-27 16:28:45,092 - INFO - 下载进度: 60.3%
2025-08-27 16:28:45,124 - INFO - 下载进度: 60.4%
2025-08-27 16:28:45,124 - INFO - 下载进度: 60.5%
2025-08-27 16:28:45,139 - INFO - 下载进度: 60.6%
2025-08-27 16:28:45,140 - INFO - 下载进度: 60.7%
2025-08-27 16:28:45,157 - INFO - 下载进度: 60.8%
2025-08-27 16:28:45,157 - INFO - 下载进度: 60.9%
2025-08-27 16:28:45,173 - INFO - 下载进度: 61.0%
2025-08-27 16:28:45,174 - INFO - 下载进度: 61.1%
2025-08-27 16:28:45,189 - INFO - 下载进度: 61.2%
2025-08-27 16:28:45,190 - INFO - 下载进度: 61.3%
2025-08-27 16:28:45,206 - INFO - 下载进度: 61.4%
2025-08-27 16:28:45,206 - INFO - 下载进度: 61.5%
2025-08-27 16:28:45,248 - INFO - 下载进度: 61.6%
2025-08-27 16:28:45,248 - INFO - 下载进度: 61.6%
2025-08-27 16:28:45,263 - INFO - 下载进度: 61.7%
2025-08-27 16:28:45,264 - INFO - 下载进度: 61.8%
2025-08-27 16:28:45,279 - INFO - 下载进度: 61.9%
2025-08-27 16:28:45,279 - INFO - 下载进度: 62.0%
2025-08-27 16:28:45,295 - INFO - 下载进度: 62.1%
2025-08-27 16:28:45,295 - INFO - 下载进度: 62.2%
2025-08-27 16:28:45,310 - INFO - 下载进度: 62.3%
2025-08-27 16:28:45,310 - INFO - 下载进度: 62.4%
2025-08-27 16:28:45,342 - INFO - 下载进度: 62.5%
2025-08-27 16:28:45,342 - INFO - 下载进度: 62.6%
2025-08-27 16:28:45,362 - INFO - 下载进度: 62.7%
2025-08-27 16:28:45,362 - INFO - 下载进度: 62.8%
2025-08-27 16:28:45,375 - INFO - 下载进度: 62.9%
2025-08-27 16:28:45,375 - INFO - 下载进度: 63.0%
2025-08-27 16:28:45,390 - INFO - 下载进度: 63.0%
2025-08-27 16:28:45,391 - INFO - 下载进度: 63.1%
2025-08-27 16:28:45,408 - INFO - 下载进度: 63.2%
2025-08-27 16:28:45,409 - INFO - 下载进度: 63.3%
2025-08-27 16:28:45,428 - INFO - 下载进度: 63.4%
2025-08-27 16:28:45,429 - INFO - 下载进度: 63.5%
2025-08-27 16:28:45,460 - INFO - 下载进度: 63.6%
2025-08-27 16:28:45,460 - INFO - 下载进度: 63.7%
2025-08-27 16:28:45,476 - INFO - 下载进度: 63.8%
2025-08-27 16:28:45,476 - INFO - 下载进度: 63.9%
2025-08-27 16:28:45,491 - INFO - 下载进度: 64.0%
2025-08-27 16:28:45,491 - INFO - 下载进度: 64.1%
2025-08-27 16:28:45,505 - INFO - 下载进度: 64.2%
2025-08-27 16:28:45,506 - INFO - 下载进度: 64.3%
2025-08-27 16:28:45,524 - INFO - 下载进度: 64.4%
2025-08-27 16:28:45,524 - INFO - 下载进度: 64.4%
2025-08-27 16:28:45,549 - INFO - 下载进度: 64.5%
2025-08-27 16:28:45,549 - INFO - 下载进度: 64.6%
2025-08-27 16:28:45,573 - INFO - 下载进度: 64.7%
2025-08-27 16:28:45,573 - INFO - 下载进度: 64.8%
2025-08-27 16:28:45,586 - INFO - 下载进度: 64.9%
2025-08-27 16:28:45,586 - INFO - 下载进度: 65.0%
2025-08-27 16:28:45,601 - INFO - 下载进度: 65.1%
2025-08-27 16:28:45,601 - INFO - 下载进度: 65.2%
2025-08-27 16:28:45,617 - INFO - 下载进度: 65.3%
2025-08-27 16:28:45,617 - INFO - 下载进度: 65.4%
2025-08-27 16:28:45,634 - INFO - 下载进度: 65.5%
2025-08-27 16:28:45,634 - INFO - 下载进度: 65.6%
2025-08-27 16:28:45,667 - INFO - 下载进度: 65.7%
2025-08-27 16:28:45,667 - INFO - 下载进度: 65.8%
2025-08-27 16:28:45,681 - INFO - 下载进度: 65.8%
2025-08-27 16:28:45,682 - INFO - 下载进度: 65.9%
2025-08-27 16:28:45,697 - INFO - 下载进度: 66.0%
2025-08-27 16:28:45,697 - INFO - 下载进度: 66.1%
2025-08-27 16:28:45,713 - INFO - 下载进度: 66.2%
2025-08-27 16:28:45,713 - INFO - 下载进度: 66.3%
2025-08-27 16:28:45,730 - INFO - 下载进度: 66.4%
2025-08-27 16:28:45,730 - INFO - 下载进度: 66.5%
2025-08-27 16:28:45,744 - INFO - 下载进度: 66.6%
2025-08-27 16:28:45,744 - INFO - 下载进度: 66.7%
2025-08-27 16:28:45,776 - INFO - 下载进度: 66.8%
2025-08-27 16:28:45,776 - INFO - 下载进度: 66.9%
2025-08-27 16:28:45,791 - INFO - 下载进度: 67.0%
2025-08-27 16:28:45,791 - INFO - 下载进度: 67.1%
2025-08-27 16:28:45,805 - INFO - 下载进度: 67.1%
2025-08-27 16:28:45,805 - INFO - 下载进度: 67.2%
2025-08-27 16:28:45,822 - INFO - 下载进度: 67.3%
2025-08-27 16:28:45,822 - INFO - 下载进度: 67.4%
2025-08-27 16:28:45,842 - INFO - 下载进度: 67.5%
2025-08-27 16:28:45,842 - INFO - 下载进度: 67.6%
2025-08-27 16:28:45,868 - INFO - 下载进度: 67.7%
2025-08-27 16:28:45,868 - INFO - 下载进度: 67.8%
2025-08-27 16:28:45,884 - INFO - 下载进度: 67.9%
2025-08-27 16:28:45,884 - INFO - 下载进度: 68.0%
2025-08-27 16:28:45,900 - INFO - 下载进度: 68.1%
2025-08-27 16:28:45,900 - INFO - 下载进度: 68.2%
2025-08-27 16:28:45,914 - INFO - 下载进度: 68.3%
2025-08-27 16:28:45,914 - INFO - 下载进度: 68.4%
2025-08-27 16:28:45,931 - INFO - 下载进度: 68.5%
2025-08-27 16:28:45,931 - INFO - 下载进度: 68.5%
2025-08-27 16:28:45,948 - INFO - 下载进度: 68.6%
2025-08-27 16:28:45,948 - INFO - 下载进度: 68.7%
2025-08-27 16:28:45,972 - INFO - 下载进度: 68.8%
2025-08-27 16:28:45,972 - INFO - 下载进度: 68.9%
2025-08-27 16:28:45,998 - INFO - 下载进度: 69.0%
2025-08-27 16:28:45,998 - INFO - 下载进度: 69.1%
2025-08-27 16:28:46,007 - INFO - 下载进度: 69.2%
2025-08-27 16:28:46,007 - INFO - 下载进度: 69.3%
2025-08-27 16:28:46,025 - INFO - 下载进度: 69.4%
2025-08-27 16:28:46,025 - INFO - 下载进度: 69.5%
2025-08-27 16:28:46,038 - INFO - 下载进度: 69.6%
2025-08-27 16:28:46,038 - INFO - 下载进度: 69.7%
2025-08-27 16:28:46,061 - INFO - 下载进度: 69.8%
2025-08-27 16:28:46,061 - INFO - 下载进度: 69.9%
2025-08-27 16:28:46,085 - INFO - 下载进度: 69.9%
2025-08-27 16:28:46,085 - INFO - 下载进度: 70.0%
2025-08-27 16:28:46,105 - INFO - 下载进度: 70.1%
2025-08-27 16:28:46,105 - INFO - 下载进度: 70.2%
2025-08-27 16:28:46,120 - INFO - 下载进度: 70.3%
2025-08-27 16:28:46,120 - INFO - 下载进度: 70.4%
2025-08-27 16:28:46,134 - INFO - 下载进度: 70.5%
2025-08-27 16:28:46,135 - INFO - 下载进度: 70.6%
2025-08-27 16:28:46,151 - INFO - 下载进度: 70.7%
2025-08-27 16:28:46,151 - INFO - 下载进度: 70.8%
2025-08-27 16:28:46,176 - INFO - 下载进度: 70.9%
2025-08-27 16:28:46,176 - INFO - 下载进度: 71.0%
2025-08-27 16:28:46,194 - INFO - 下载进度: 71.1%
2025-08-27 16:28:46,194 - INFO - 下载进度: 71.2%
2025-08-27 16:28:46,214 - INFO - 下载进度: 71.3%
2025-08-27 16:28:46,214 - INFO - 下载进度: 71.3%
2025-08-27 16:28:46,228 - INFO - 下载进度: 71.4%
2025-08-27 16:28:46,228 - INFO - 下载进度: 71.5%
2025-08-27 16:28:46,244 - INFO - 下载进度: 71.6%
2025-08-27 16:28:46,244 - INFO - 下载进度: 71.7%
2025-08-27 16:28:46,281 - INFO - 下载进度: 71.8%
2025-08-27 16:28:46,281 - INFO - 下载进度: 71.9%
2025-08-27 16:28:46,286 - INFO - 下载进度: 72.0%
2025-08-27 16:28:46,286 - INFO - 下载进度: 72.1%
2025-08-27 16:28:46,302 - INFO - 下载进度: 72.2%
2025-08-27 16:28:46,302 - INFO - 下载进度: 72.3%
2025-08-27 16:28:46,331 - INFO - 下载进度: 72.4%
2025-08-27 16:28:46,331 - INFO - 下载进度: 72.5%
2025-08-27 16:28:46,341 - INFO - 下载进度: 72.6%
2025-08-27 16:28:46,341 - INFO - 下载进度: 72.7%
2025-08-27 16:28:46,362 - INFO - 下载进度: 72.7%
2025-08-27 16:28:46,362 - INFO - 下载进度: 72.8%
2025-08-27 16:28:46,386 - INFO - 下载进度: 72.9%
2025-08-27 16:28:46,386 - INFO - 下载进度: 73.0%
2025-08-27 16:28:46,400 - INFO - 下载进度: 73.1%
2025-08-27 16:28:46,400 - INFO - 下载进度: 73.2%
2025-08-27 16:28:46,414 - INFO - 下载进度: 73.3%
2025-08-27 16:28:46,414 - INFO - 下载进度: 73.4%
2025-08-27 16:28:46,435 - INFO - 下载进度: 73.5%
2025-08-27 16:28:46,435 - INFO - 下载进度: 73.6%
2025-08-27 16:28:46,458 - INFO - 下载进度: 73.7%
2025-08-27 16:28:46,458 - INFO - 下载进度: 73.8%
2025-08-27 16:28:46,472 - INFO - 下载进度: 73.9%
2025-08-27 16:28:46,472 - INFO - 下载进度: 74.0%
2025-08-27 16:28:46,493 - INFO - 下载进度: 74.1%
2025-08-27 16:28:46,493 - INFO - 下载进度: 74.1%
2025-08-27 16:28:46,509 - INFO - 下载进度: 74.2%
2025-08-27 16:28:46,509 - INFO - 下载进度: 74.3%
2025-08-27 16:28:46,522 - INFO - 下载进度: 74.4%
2025-08-27 16:28:46,522 - INFO - 下载进度: 74.5%
2025-08-27 16:28:46,547 - INFO - 下载进度: 74.6%
2025-08-27 16:28:46,547 - INFO - 下载进度: 74.7%
2025-08-27 16:28:46,564 - INFO - 下载进度: 74.8%
2025-08-27 16:28:46,564 - INFO - 下载进度: 74.9%
2025-08-27 16:28:46,579 - INFO - 下载进度: 75.0%
2025-08-27 16:28:46,580 - INFO - 下载进度: 75.1%
2025-08-27 16:28:46,599 - INFO - 下载进度: 75.2%
2025-08-27 16:28:46,599 - INFO - 下载进度: 75.3%
2025-08-27 16:28:46,613 - INFO - 下载进度: 75.4%
2025-08-27 16:28:46,613 - INFO - 下载进度: 75.5%
2025-08-27 16:28:46,631 - INFO - 下载进度: 75.5%
2025-08-27 16:28:46,631 - INFO - 下载进度: 75.6%
2025-08-27 16:28:46,652 - INFO - 下载进度: 75.7%
2025-08-27 16:28:46,653 - INFO - 下载进度: 75.8%
2025-08-27 16:28:46,668 - INFO - 下载进度: 75.9%
2025-08-27 16:28:46,668 - INFO - 下载进度: 76.0%
2025-08-27 16:28:46,685 - INFO - 下载进度: 76.1%
2025-08-27 16:28:46,686 - INFO - 下载进度: 76.2%
2025-08-27 16:28:46,703 - INFO - 下载进度: 76.3%
2025-08-27 16:28:46,704 - INFO - 下载进度: 76.4%
2025-08-27 16:28:46,722 - INFO - 下载进度: 76.5%
2025-08-27 16:28:46,722 - INFO - 下载进度: 76.6%
2025-08-27 16:28:46,736 - INFO - 下载进度: 76.7%
2025-08-27 16:28:46,736 - INFO - 下载进度: 76.8%
2025-08-27 16:28:46,760 - INFO - 下载进度: 76.8%
2025-08-27 16:28:46,760 - INFO - 下载进度: 76.9%
2025-08-27 16:28:46,777 - INFO - 下载进度: 77.0%
2025-08-27 16:28:46,777 - INFO - 下载进度: 77.1%
2025-08-27 16:28:46,793 - INFO - 下载进度: 77.2%
2025-08-27 16:28:46,793 - INFO - 下载进度: 77.3%
2025-08-27 16:28:46,808 - INFO - 下载进度: 77.4%
2025-08-27 16:28:46,809 - INFO - 下载进度: 77.5%
2025-08-27 16:28:46,826 - INFO - 下载进度: 77.6%
2025-08-27 16:28:46,827 - INFO - 下载进度: 77.7%
2025-08-27 16:28:46,843 - INFO - 下载进度: 77.8%
2025-08-27 16:28:46,843 - INFO - 下载进度: 77.9%
2025-08-27 16:28:46,865 - INFO - 下载进度: 78.0%
2025-08-27 16:28:46,866 - INFO - 下载进度: 78.1%
2025-08-27 16:28:46,887 - INFO - 下载进度: 78.2%
2025-08-27 16:28:46,888 - INFO - 下载进度: 78.2%
2025-08-27 16:28:46,900 - INFO - 下载进度: 78.3%
2025-08-27 16:28:46,900 - INFO - 下载进度: 78.4%
2025-08-27 16:28:46,915 - INFO - 下载进度: 78.5%
2025-08-27 16:28:46,916 - INFO - 下载进度: 78.6%
2025-08-27 16:28:46,934 - INFO - 下载进度: 78.7%
2025-08-27 16:28:46,934 - INFO - 下载进度: 78.8%
2025-08-27 16:28:46,948 - INFO - 下载进度: 78.9%
2025-08-27 16:28:46,949 - INFO - 下载进度: 79.0%
2025-08-27 16:28:46,970 - INFO - 下载进度: 79.1%
2025-08-27 16:28:46,970 - INFO - 下载进度: 79.2%
2025-08-27 16:28:46,992 - INFO - 下载进度: 79.3%
2025-08-27 16:28:46,992 - INFO - 下载进度: 79.4%
2025-08-27 16:28:47,008 - INFO - 下载进度: 79.5%
2025-08-27 16:28:47,008 - INFO - 下载进度: 79.6%
2025-08-27 16:28:47,023 - INFO - 下载进度: 79.6%
2025-08-27 16:28:47,023 - INFO - 下载进度: 79.7%
2025-08-27 16:28:47,039 - INFO - 下载进度: 79.8%
2025-08-27 16:28:47,039 - INFO - 下载进度: 79.9%
2025-08-27 16:28:47,058 - INFO - 下载进度: 80.0%
2025-08-27 16:28:47,059 - INFO - 下载进度: 80.1%
2025-08-27 16:28:47,076 - INFO - 下载进度: 80.2%
2025-08-27 16:28:47,076 - INFO - 下载进度: 80.3%
2025-08-27 16:28:47,100 - INFO - 下载进度: 80.4%
2025-08-27 16:28:47,100 - INFO - 下载进度: 80.5%
2025-08-27 16:28:47,115 - INFO - 下载进度: 80.6%
2025-08-27 16:28:47,115 - INFO - 下载进度: 80.7%
2025-08-27 16:28:47,131 - INFO - 下载进度: 80.8%
2025-08-27 16:28:47,131 - INFO - 下载进度: 80.9%
2025-08-27 16:28:47,147 - INFO - 下载进度: 81.0%
2025-08-27 16:28:47,148 - INFO - 下载进度: 81.0%
2025-08-27 16:28:47,164 - INFO - 下载进度: 81.1%
2025-08-27 16:28:47,164 - INFO - 下载进度: 81.2%
2025-08-27 16:28:47,184 - INFO - 下载进度: 81.3%
2025-08-27 16:28:47,184 - INFO - 下载进度: 81.4%
2025-08-27 16:28:47,206 - INFO - 下载进度: 81.5%
2025-08-27 16:28:47,206 - INFO - 下载进度: 81.6%
2025-08-27 16:28:47,222 - INFO - 下载进度: 81.7%
2025-08-27 16:28:47,223 - INFO - 下载进度: 81.8%
2025-08-27 16:28:47,239 - INFO - 下载进度: 81.9%
2025-08-27 16:28:47,239 - INFO - 下载进度: 82.0%
2025-08-27 16:28:47,255 - INFO - 下载进度: 82.1%
2025-08-27 16:28:47,256 - INFO - 下载进度: 82.2%
2025-08-27 16:28:47,269 - INFO - 下载进度: 82.3%
2025-08-27 16:28:47,269 - INFO - 下载进度: 82.4%
2025-08-27 16:28:47,291 - INFO - 下载进度: 82.4%
2025-08-27 16:28:47,292 - INFO - 下载进度: 82.5%
2025-08-27 16:28:47,312 - INFO - 下载进度: 82.6%
2025-08-27 16:28:47,313 - INFO - 下载进度: 82.7%
2025-08-27 16:28:47,329 - INFO - 下载进度: 82.8%
2025-08-27 16:28:47,330 - INFO - 下载进度: 82.9%
2025-08-27 16:28:47,348 - INFO - 下载进度: 83.0%
2025-08-27 16:28:47,348 - INFO - 下载进度: 83.1%
2025-08-27 16:28:47,360 - INFO - 下载进度: 83.2%
2025-08-27 16:28:47,361 - INFO - 下载进度: 83.3%
2025-08-27 16:28:47,380 - INFO - 下载进度: 83.4%
2025-08-27 16:28:47,380 - INFO - 下载进度: 83.5%
2025-08-27 16:28:47,397 - INFO - 下载进度: 83.6%
2025-08-27 16:28:47,397 - INFO - 下载进度: 83.7%
2025-08-27 16:28:47,416 - INFO - 下载进度: 83.8%
2025-08-27 16:28:47,416 - INFO - 下载进度: 83.8%
2025-08-27 16:28:47,436 - INFO - 下载进度: 83.9%
2025-08-27 16:28:47,437 - INFO - 下载进度: 84.0%
2025-08-27 16:28:47,453 - INFO - 下载进度: 84.1%
2025-08-27 16:28:47,454 - INFO - 下载进度: 84.2%
2025-08-27 16:28:47,466 - INFO - 下载进度: 84.3%
2025-08-27 16:28:47,466 - INFO - 下载进度: 84.4%
2025-08-27 16:28:47,484 - INFO - 下载进度: 84.5%
2025-08-27 16:28:47,485 - INFO - 下载进度: 84.6%
2025-08-27 16:28:47,501 - INFO - 下载进度: 84.7%
2025-08-27 16:28:47,501 - INFO - 下载进度: 84.8%
2025-08-27 16:28:47,522 - INFO - 下载进度: 84.9%
2025-08-27 16:28:47,523 - INFO - 下载进度: 85.0%
2025-08-27 16:28:47,540 - INFO - 下载进度: 85.1%
2025-08-27 16:28:47,541 - INFO - 下载进度: 85.1%
2025-08-27 16:28:47,558 - INFO - 下载进度: 85.2%
2025-08-27 16:28:47,558 - INFO - 下载进度: 85.3%
2025-08-27 16:28:47,572 - INFO - 下载进度: 85.4%
2025-08-27 16:28:47,572 - INFO - 下载进度: 85.5%
2025-08-27 16:28:47,585 - INFO - 下载进度: 85.6%
2025-08-27 16:28:47,585 - INFO - 下载进度: 85.7%
2025-08-27 16:28:47,605 - INFO - 下载进度: 85.8%
2025-08-27 16:28:47,605 - INFO - 下载进度: 85.9%
2025-08-27 16:28:47,628 - INFO - 下载进度: 86.0%
2025-08-27 16:28:47,628 - INFO - 下载进度: 86.1%
2025-08-27 16:28:47,642 - INFO - 下载进度: 86.2%
2025-08-27 16:28:47,643 - INFO - 下载进度: 86.3%
2025-08-27 16:28:47,662 - INFO - 下载进度: 86.4%
2025-08-27 16:28:47,663 - INFO - 下载进度: 86.5%
2025-08-27 16:28:47,681 - INFO - 下载进度: 86.5%
2025-08-27 16:28:47,682 - INFO - 下载进度: 86.6%
2025-08-27 16:28:47,743 - INFO - 下载进度: 86.7%
2025-08-27 16:28:47,744 - INFO - 下载进度: 86.8%
2025-08-27 16:28:47,744 - INFO - 下载进度: 86.9%
2025-08-27 16:28:47,744 - INFO - 下载进度: 87.0%
2025-08-27 16:28:47,757 - INFO - 下载进度: 87.1%
2025-08-27 16:28:47,757 - INFO - 下载进度: 87.2%
2025-08-27 16:28:47,773 - INFO - 下载进度: 87.3%
2025-08-27 16:28:47,773 - INFO - 下载进度: 87.4%
2025-08-27 16:28:47,792 - INFO - 下载进度: 87.5%
2025-08-27 16:28:47,793 - INFO - 下载进度: 87.6%
2025-08-27 16:28:47,814 - INFO - 下载进度: 87.7%
2025-08-27 16:28:47,815 - INFO - 下载进度: 87.8%
2025-08-27 16:28:47,848 - INFO - 下载进度: 87.9%
2025-08-27 16:28:47,848 - INFO - 下载进度: 87.9%
2025-08-27 16:28:47,859 - INFO - 下载进度: 88.0%
2025-08-27 16:28:47,859 - INFO - 下载进度: 88.1%
2025-08-27 16:28:47,884 - INFO - 下载进度: 88.2%
2025-08-27 16:28:47,884 - INFO - 下载进度: 88.3%
2025-08-27 16:28:47,904 - INFO - 下载进度: 88.4%
2025-08-27 16:28:47,905 - INFO - 下载进度: 88.5%
2025-08-27 16:28:47,953 - INFO - 下载进度: 88.6%
2025-08-27 16:28:47,953 - INFO - 下载进度: 88.7%
2025-08-27 16:28:47,953 - INFO - 下载进度: 88.8%
2025-08-27 16:28:47,953 - INFO - 下载进度: 88.9%
2025-08-27 16:28:47,972 - INFO - 下载进度: 89.0%
2025-08-27 16:28:47,972 - INFO - 下载进度: 89.1%
2025-08-27 16:28:47,997 - INFO - 下载进度: 89.2%
2025-08-27 16:28:47,997 - INFO - 下载进度: 89.3%
2025-08-27 16:28:48,021 - INFO - 下载进度: 89.3%
2025-08-27 16:28:48,021 - INFO - 下载进度: 89.4%
2025-08-27 16:28:48,058 - INFO - 下载进度: 89.5%
2025-08-27 16:28:48,058 - INFO - 下载进度: 89.6%
2025-08-27 16:28:48,063 - INFO - 下载进度: 89.7%
2025-08-27 16:28:48,063 - INFO - 下载进度: 89.8%
2025-08-27 16:28:48,087 - INFO - 下载进度: 89.9%
2025-08-27 16:28:48,087 - INFO - 下载进度: 90.0%
2025-08-27 16:28:48,106 - INFO - 下载进度: 90.1%
2025-08-27 16:28:48,106 - INFO - 下载进度: 90.2%
2025-08-27 16:28:48,135 - INFO - 下载进度: 90.3%
2025-08-27 16:28:48,135 - INFO - 下载进度: 90.4%
2025-08-27 16:28:48,163 - INFO - 下载进度: 90.5%
2025-08-27 16:28:48,164 - INFO - 下载进度: 90.6%
2025-08-27 16:28:48,176 - INFO - 下载进度: 90.7%
2025-08-27 16:28:48,176 - INFO - 下载进度: 90.7%
2025-08-27 16:28:48,201 - INFO - 下载进度: 90.8%
2025-08-27 16:28:48,201 - INFO - 下载进度: 90.9%
2025-08-27 16:28:48,219 - INFO - 下载进度: 91.0%
2025-08-27 16:28:48,220 - INFO - 下载进度: 91.1%
2025-08-27 16:28:48,267 - INFO - 下载进度: 91.2%
2025-08-27 16:28:48,269 - INFO - 下载进度: 91.3%
2025-08-27 16:28:48,270 - INFO - 下载进度: 91.4%
2025-08-27 16:28:48,270 - INFO - 下载进度: 91.5%
2025-08-27 16:28:48,286 - INFO - 下载进度: 91.6%
2025-08-27 16:28:48,286 - INFO - 下载进度: 91.7%
2025-08-27 16:28:48,310 - INFO - 下载进度: 91.8%
2025-08-27 16:28:48,310 - INFO - 下载进度: 91.9%
2025-08-27 16:28:48,331 - INFO - 下载进度: 92.0%
2025-08-27 16:28:48,332 - INFO - 下载进度: 92.1%
2025-08-27 16:28:48,376 - INFO - 下载进度: 92.1%
2025-08-27 16:28:48,376 - INFO - 下载进度: 92.2%
2025-08-27 16:28:48,377 - INFO - 下载进度: 92.3%
2025-08-27 16:28:48,377 - INFO - 下载进度: 92.4%
2025-08-27 16:28:48,400 - INFO - 下载进度: 92.5%
2025-08-27 16:28:48,400 - INFO - 下载进度: 92.6%
2025-08-27 16:28:48,422 - INFO - 下载进度: 92.7%
2025-08-27 16:28:48,422 - INFO - 下载进度: 92.8%
2025-08-27 16:28:48,446 - INFO - 下载进度: 92.9%
2025-08-27 16:28:48,446 - INFO - 下载进度: 93.0%
2025-08-27 16:28:48,480 - INFO - 下载进度: 93.1%
2025-08-27 16:28:48,480 - INFO - 下载进度: 93.2%
2025-08-27 16:28:48,488 - INFO - 下载进度: 93.3%
2025-08-27 16:28:48,488 - INFO - 下载进度: 93.4%
2025-08-27 16:28:48,511 - INFO - 下载进度: 93.5%
2025-08-27 16:28:48,511 - INFO - 下载进度: 93.5%
2025-08-27 16:28:48,534 - INFO - 下载进度: 93.6%
2025-08-27 16:28:48,534 - INFO - 下载进度: 93.7%
2025-08-27 16:28:48,585 - INFO - 下载进度: 93.8%
2025-08-27 16:28:48,585 - INFO - 下载进度: 93.9%
2025-08-27 16:28:48,585 - INFO - 下载进度: 94.0%
2025-08-27 16:28:48,585 - INFO - 下载进度: 94.1%
2025-08-27 16:28:48,600 - INFO - 下载进度: 94.2%
2025-08-27 16:28:48,600 - INFO - 下载进度: 94.3%
2025-08-27 16:28:48,624 - INFO - 下载进度: 94.4%
2025-08-27 16:28:48,624 - INFO - 下载进度: 94.5%
2025-08-27 16:28:48,646 - INFO - 下载进度: 94.6%
2025-08-27 16:28:48,646 - INFO - 下载进度: 94.7%
2025-08-27 16:28:48,690 - INFO - 下载进度: 94.8%
2025-08-27 16:28:48,690 - INFO - 下载进度: 94.8%
2025-08-27 16:28:48,691 - INFO - 下载进度: 94.9%
2025-08-27 16:28:48,691 - INFO - 下载进度: 95.0%
2025-08-27 16:28:48,715 - INFO - 下载进度: 95.1%
2025-08-27 16:28:48,715 - INFO - 下载进度: 95.2%
2025-08-27 16:28:48,735 - INFO - 下载进度: 95.3%
2025-08-27 16:28:48,735 - INFO - 下载进度: 95.4%
2025-08-27 16:28:48,758 - INFO - 下载进度: 95.5%
2025-08-27 16:28:48,762 - INFO - 下载进度: 95.6%
2025-08-27 16:28:48,794 - INFO - 下载进度: 95.7%
2025-08-27 16:28:48,794 - INFO - 下载进度: 95.8%
2025-08-27 16:28:48,803 - INFO - 下载进度: 95.9%
2025-08-27 16:28:48,803 - INFO - 下载进度: 96.0%
2025-08-27 16:28:48,825 - INFO - 下载进度: 96.1%
2025-08-27 16:28:48,825 - INFO - 下载进度: 96.2%
2025-08-27 16:28:48,847 - INFO - 下载进度: 96.2%
2025-08-27 16:28:48,847 - INFO - 下载进度: 96.3%
2025-08-27 16:28:48,898 - INFO - 下载进度: 96.4%
2025-08-27 16:28:48,898 - INFO - 下载进度: 96.5%
2025-08-27 16:28:48,899 - INFO - 下载进度: 96.6%
2025-08-27 16:28:48,899 - INFO - 下载进度: 96.7%
2025-08-27 16:28:48,916 - INFO - 下载进度: 96.8%
2025-08-27 16:28:48,916 - INFO - 下载进度: 96.9%
2025-08-27 16:28:48,938 - INFO - 下载进度: 97.0%
2025-08-27 16:28:48,939 - INFO - 下载进度: 97.1%
2025-08-27 16:28:48,960 - INFO - 下载进度: 97.2%
2025-08-27 16:28:48,960 - INFO - 下载进度: 97.3%
2025-08-27 16:28:49,006 - INFO - 下载进度: 97.4%
2025-08-27 16:28:49,006 - INFO - 下载进度: 97.5%
2025-08-27 16:28:49,006 - INFO - 下载进度: 97.6%
2025-08-27 16:28:49,006 - INFO - 下载进度: 97.6%
2025-08-27 16:28:49,027 - INFO - 下载进度: 97.7%
2025-08-27 16:28:49,027 - INFO - 下载进度: 97.8%
2025-08-27 16:28:49,048 - INFO - 下载进度: 97.9%
2025-08-27 16:28:49,048 - INFO - 下载进度: 98.0%
2025-08-27 16:28:49,073 - INFO - 下载进度: 98.1%
2025-08-27 16:28:49,073 - INFO - 下载进度: 98.2%
2025-08-27 16:28:49,111 - INFO - 下载进度: 98.3%
2025-08-27 16:28:49,111 - INFO - 下载进度: 98.4%
2025-08-27 16:28:49,116 - INFO - 下载进度: 98.5%
2025-08-27 16:28:49,117 - INFO - 下载进度: 98.6%
2025-08-27 16:28:49,138 - INFO - 下载进度: 98.7%
2025-08-27 16:28:49,139 - INFO - 下载进度: 98.8%
2025-08-27 16:28:49,162 - INFO - 下载进度: 98.9%
2025-08-27 16:28:49,162 - INFO - 下载进度: 99.0%
2025-08-27 16:28:49,216 - INFO - 下载进度: 99.0%
2025-08-27 16:28:49,216 - INFO - 下载进度: 99.1%
2025-08-27 16:28:49,216 - INFO - 下载进度: 99.2%
2025-08-27 16:28:49,216 - INFO - 下载进度: 99.3%
2025-08-27 16:28:49,230 - INFO - 下载进度: 99.4%
2025-08-27 16:28:49,230 - INFO - 下载进度: 99.5%
2025-08-27 16:28:49,252 - INFO - 下载进度: 99.6%
2025-08-27 16:28:49,252 - INFO - 下载进度: 99.7%
2025-08-27 16:28:49,354 - INFO - 下载进度: 99.8%
2025-08-27 16:28:49,354 - INFO - 下载进度: 99.9%
2025-08-27 16:28:49,355 - INFO - 下载进度: 100.0%
2025-08-27 16:28:49,355 - INFO - 下载进度: 100.0%
2025-08-27 16:28:49,357 - INFO - 下载完成: TheEconomist.2025.08.23.pdf
2025-08-27 16:28:49,357 - INFO - 文件大小: 8.38 MB
2025-08-27 16:28:49,358 - INFO - 下载任务完成
